app/build/outputs/logs/manifest-merger-debug-report.txt
-- Merging decision tree log ---
manifest
ADDED from src\main\AndroidManifest.xml:1:1-134:12
	package
		ADDED from src\main\AndroidManifest.xml:2:5-27
		INJECTED from src\main\AndroidManifest.xml
		INJECTED from src\main\AndroidManifest.xml
	android:versionName
		ADDED from src\main\AndroidManifest.xml:4:5-30
		INJECTED from src\main\AndroidManifest.xml
		INJECTED from src\main\AndroidManifest.xml
	android:versionCode
		ADDED from src\main\AndroidManifest.xml:3:5-28
		INJECTED from src\main\AndroidManifest.xml
		INJECTED from src\main\AndroidManifest.xml
	xmlns:android
		ADDED from src\main\AndroidManifest.xml:1:11-69
uses-permission#android.permission.INTERNET
ADDED from src\main\AndroidManifest.xml:6:5-67
	android:name
		ADDED from src\main\AndroidManifest.xml:6:22-64
uses-permission#android.permission.ACCESS_WIFI_STATE
ADDED from src\main\AndroidManifest.xml:7:5-76
	android:name
		ADDED from src\main\AndroidManifest.xml:7:22-73
uses-permission#android.permission.CHANGE_WIFI_MULTICAST_STATE
ADDED from src\main\AndroidManifest.xml:8:5-86
	android:name
		ADDED from src\main\AndroidManifest.xml:8:22-83
uses-permission#android.permission.ACCESS_NETWORK_STATE
ADDED from src\main\AndroidManifest.xml:9:5-79
	android:name
		ADDED from src\main\AndroidManifest.xml:9:22-76
uses-permission#android.permission.WAKE_LOCK
ADDED from src\main\AndroidManifest.xml:10:5-68
	android:name
		ADDED from src\main\AndroidManifest.xml:10:22-65
uses-permission#android.permission.WRITE_EXTERNAL_STORAGE
ADDED from src\main\AndroidManifest.xml:11:5-12:23
	android:name
		ADDED from src\main\AndroidManifest.xml:11:22-78
uses-permission#android.permission.MOUNT_UNMOUNT_FILESYSTEMS
ADDED from src\main\AndroidManifest.xml:13:5-14:23
	android:name
		ADDED from src\main\AndroidManifest.xml:13:22-81
uses-sdk
ADDED from src\main\AndroidManifest.xml:16:5-18:41
MERGED from [com.android.support:design:22.2.0] AndroidManifest.xml:20:5-43
MERGED from [com.android.support:appcompat-v7:22.2.0] AndroidManifest.xml:20:5-43
MERGED from [com.android.support:cardview-v7:22.2.0] AndroidManifest.xml:20:5-43
MERGED from [com.android.support:recyclerview-v7:22.2.0] AndroidManifest.xml:20:5-43
MERGED from [com.android.support:support-v4:22.2.0] AndroidManifest.xml:20:5-43
	android:targetSdkVersion
		ADDED from src\main\AndroidManifest.xml:18:9-38
		INJECTED from src\main\AndroidManifest.xml
		INJECTED from src\main\AndroidManifest.xml
	android:minSdkVersion
		ADDED from src\main\AndroidManifest.xml:17:9-35
		INJECTED from src\main\AndroidManifest.xml
		INJECTED from src\main\AndroidManifest.xml
application
ADDED from src\main\AndroidManifest.xml:20:5-132:19
MERGED from [com.android.support:design:22.2.0] AndroidManifest.xml:22:5-20
MERGED from [com.android.support:appcompat-v7:22.2.0] AndroidManifest.xml:22:5-20
MERGED from [com.android.support:cardview-v7:22.2.0] AndroidManifest.xml:22:5-20
MERGED from [com.android.support:support-v4:22.2.0] AndroidManifest.xml:22:5-20
	android:label
		ADDED from src\main\AndroidManifest.xml:23:9-40
	android:allowBackup
		ADDED from src\main\AndroidManifest.xml:24:9-36
	android:icon
		ADDED from src\main\AndroidManifest.xml:22:9-45
	android:theme
		ADDED from src\main\AndroidManifest.xml:25:9-44
	android:name
		ADDED from src\main\AndroidManifest.xml:21:9-64
activity#com.zxt.dlna.activity.StartActivity
ADDED from src\main\AndroidManifest.xml:27:9-35:20
	android:theme
		ADDED from src\main\AndroidManifest.xml:29:13-60
	android:name
		ADDED from src\main\AndroidManifest.xml:28:13-63
intent-filter#android.intent.action.MAIN+android.intent.category.LAUNCHER
ADDED from src\main\AndroidManifest.xml:30:13-34:29
action#android.intent.action.MAIN
ADDED from src\main\AndroidManifest.xml:31:17-69
	android:name
		ADDED from src\main\AndroidManifest.xml:31:25-66
category#android.intent.category.LAUNCHER
ADDED from src\main\AndroidManifest.xml:33:17-77
	android:name
		ADDED from src\main\AndroidManifest.xml:33:27-74
activity#com.zxt.dlna.activity.IndexActivity
ADDED from src\main\AndroidManifest.xml:36:9-40:20
	android:launchMode
		ADDED from src\main\AndroidManifest.xml:38:13-43
	android:theme
		ADDED from src\main\AndroidManifest.xml:39:13-66
	android:name
		ADDED from src\main\AndroidManifest.xml:37:13-63
activity#com.zxt.dlna.activity.DevicesActivity
ADDED from src\main\AndroidManifest.xml:41:9-46:20
	android:launchMode
		ADDED from src\main\AndroidManifest.xml:44:13-43
	android:configChanges
		ADDED from src\main\AndroidManifest.xml:43:13-63
	android:theme
		ADDED from src\main\AndroidManifest.xml:45:13-66
	android:name
		ADDED from src\main\AndroidManifest.xml:42:13-65
activity#com.zxt.dlna.activity.ContentActivity
ADDED from src\main\AndroidManifest.xml:47:9-52:20
	android:launchMode
		ADDED from src\main\AndroidManifest.xml:50:13-43
	android:configChanges
		ADDED from src\main\AndroidManifest.xml:49:13-63
	android:theme
		ADDED from src\main\AndroidManifest.xml:51:13-66
	android:name
		ADDED from src\main\AndroidManifest.xml:48:13-65
activity#com.zxt.dlna.activity.ControlActivity
ADDED from src\main\AndroidManifest.xml:53:9-58:20
	android:launchMode
		ADDED from src\main\AndroidManifest.xml:56:13-43
	android:configChanges
		ADDED from src\main\AndroidManifest.xml:55:13-63
	android:theme
		ADDED from src\main\AndroidManifest.xml:57:13-66
	android:name
		ADDED from src\main\AndroidManifest.xml:54:13-65
activity#com.zxt.dlna.activity.SettingActivity
ADDED from src\main\AndroidManifest.xml:59:9-64:20
	android:launchMode
		ADDED from src\main\AndroidManifest.xml:62:13-43
	android:configChanges
		ADDED from src\main\AndroidManifest.xml:61:13-63
	android:theme
		ADDED from src\main\AndroidManifest.xml:63:13-66
	android:name
		ADDED from src\main\AndroidManifest.xml:60:13-65
activity#com.zxt.dlna.activity.AboutActivity
ADDED from src\main\AndroidManifest.xml:65:9-70:20
	android:launchMode
		ADDED from src\main\AndroidManifest.xml:68:13-43
	android:configChanges
		ADDED from src\main\AndroidManifest.xml:67:13-63
	android:theme
		ADDED from src\main\AndroidManifest.xml:69:13-60
	android:name
		ADDED from src\main\AndroidManifest.xml:66:13-63
activity#com.zxt.dlna.dmp.GPlayer
ADDED from src\main\AndroidManifest.xml:71:9-118:20
	android:screenOrientation
		ADDED from src\main\AndroidManifest.xml:75:13-50
	android:launchMode
		ADDED from src\main\AndroidManifest.xml:74:13-43
	android:configChanges
		ADDED from src\main\AndroidManifest.xml:73:13-63
	android:theme
		ADDED from src\main\AndroidManifest.xml:76:13-71
	android:name
		ADDED from src\main\AndroidManifest.xml:72:13-52
intent-filter#android.intent.action.VIEW+android.intent.category.BROWSABLE+android.intent.category.DEFAULT
ADDED from src\main\AndroidManifest.xml:79:13-86:29
action#android.intent.action.VIEW
ADDED from src\main\AndroidManifest.xml:80:17-69
	android:name
		ADDED from src\main\AndroidManifest.xml:80:25-66
category#android.intent.category.DEFAULT
ADDED from src\main\AndroidManifest.xml:82:17-76
	android:name
		ADDED from src\main\AndroidManifest.xml:82:27-73
category#android.intent.category.BROWSABLE
ADDED from src\main\AndroidManifest.xml:83:17-78
	android:name
		ADDED from src\main\AndroidManifest.xml:83:27-75
data
ADDED from src\main\AndroidManifest.xml:85:17-47
	android:scheme
		ADDED from src\main\AndroidManifest.xml:85:23-44
activity#com.zxt.dlna.dmp.ImageDisplay
ADDED from src\main\AndroidManifest.xml:119:9-123:20
	android:configChanges
		ADDED from src\main\AndroidManifest.xml:121:13-63
	android:theme
		ADDED from src\main\AndroidManifest.xml:122:13-60
	android:name
		ADDED from src\main\AndroidManifest.xml:120:13-57
activity#com.zxt.dlna.dmc.RemoteVideoPlay
ADDED from src\main\AndroidManifest.xml:124:9-128:20
	android:configChanges
		ADDED from src\main\AndroidManifest.xml:126:13-63
	android:theme
		ADDED from src\main\AndroidManifest.xml:127:13-60
	android:name
		ADDED from src\main\AndroidManifest.xml:125:13-60
service#com.zxt.dlna.dmr.RenderPlayerService
ADDED from src\main\AndroidManifest.xml:130:9-72
	android:name
		ADDED from src\main\AndroidManifest.xml:130:18-69
service#org.fourthline.cling.android.AndroidUpnpServiceImpl
ADDED from src\main\AndroidManifest.xml:131:9-87
	android:name
		ADDED from src\main\AndroidManifest.xml:131:18-84